<?xml version="1.0" encoding="UTF-8"?>
<!-- Generated by org.testng.reporters.JUnitReportReporter -->
<testsuite hostname="MacBook-Pro-Alaa.local" failures="2" tests="11" name="selinumAutomationTestTasks.GoogleTasks" time="150.981" errors="0" timestamp="2022-03-28T21:22:02 EET" skipped="0">
  <testcase classname="selinumAutomationTestTasks.GoogleTasks" name="AssertGooglePageTitleIsCorrect" time="4.201"/>
  <system-out/>
  <testcase classname="selinumAutomationTestTasks.GoogleTasks" name="AssertGoogleLogoIsDisplay" time="4.246"/>
  <system-out/>
  <testcase classname="selinumAutomationTestTasks.GoogleTasks" name="AssertResultStatISNotNull" time="6.791"/>
  <system-out/>
  <testcase classname="selinumAutomationTestTasks.GoogleTasks" name="AssertSecondResultTextContainsSelenium" time="6.510">
    <failure message="expected:&lt;[Selenium - Web Browser Automation]&gt; but was:&lt;[]&gt;" type="org.junit.ComparisonFailure">
      <![CDATA[org.junit.ComparisonFailure: expected:<[Selenium - Web Browser Automation]> but was:<[]>
at org.junit.Assert.assertEquals(Assert.java:117)
at org.junit.Assert.assertEquals(Assert.java:146)
at selinumAutomationTestTasks.GoogleTasks.AssertSecondResultTextContainsSelenium(GoogleTasks.java:74)
at java.base/jdk.internal.reflect.NativeMethodAccessorImpl.invoke0(Native Method)
at java.base/jdk.internal.reflect.NativeMethodAccessorImpl.invoke(NativeMethodAccessorImpl.java:77)
at java.base/jdk.internal.reflect.DelegatingMethodAccessorImpl.invoke(DelegatingMethodAccessorImpl.java:43)
at java.base/java.lang.reflect.Method.invoke(Method.java:568)
at org.testng.internal.invokers.MethodInvocationHelper.invokeMethod(MethodInvocationHelper.java:135)
at org.testng.internal.invokers.TestInvoker.invokeMethod(TestInvoker.java:673)
at org.testng.internal.invokers.TestInvoker.invokeTestMethod(TestInvoker.java:220)
at org.testng.internal.invokers.MethodRunner.runInSequence(MethodRunner.java:50)
at org.testng.internal.invokers.TestInvoker$MethodInvocationAgent.invoke(TestInvoker.java:945)
at org.testng.internal.invokers.TestInvoker.invokeTestMethods(TestInvoker.java:193)
at org.testng.internal.invokers.TestMethodWorker.invokeTestMethods(TestMethodWorker.java:146)
at org.testng.internal.invokers.TestMethodWorker.run(TestMethodWorker.java:128)
at java.base/java.util.ArrayList.forEach(ArrayList.java:1511)
at org.testng.TestRunner.privateRun(TestRunner.java:808)
at org.testng.TestRunner.run(TestRunner.java:603)
at org.testng.SuiteRunner.runTest(SuiteRunner.java:429)
at org.testng.SuiteRunner.runSequentially(SuiteRunner.java:423)
at org.testng.SuiteRunner.privateRun(SuiteRunner.java:383)
at org.testng.SuiteRunner.run(SuiteRunner.java:326)
at org.testng.SuiteRunnerWorker.runSuite(SuiteRunnerWorker.java:52)
at org.testng.SuiteRunnerWorker.run(SuiteRunnerWorker.java:95)
at org.testng.TestNG.runSuitesSequentially(TestNG.java:1249)
at org.testng.TestNG.runSuitesLocally(TestNG.java:1169)
at org.testng.TestNG.runSuites(TestNG.java:1092)
at org.testng.TestNG.run(TestNG.java:1060)
at org.testng.remote.AbstractRemoteTestNG.run(AbstractRemoteTestNG.java:115)
at org.testng.remote.RemoteTestNG.initAndRun(RemoteTestNG.java:251)
at org.testng.remote.RemoteTestNG.main(RemoteTestNG.java:77)
]]>
    </failure>
  </testcase> <!-- AssertSecondResultTextContainsSelenium -->
  <system-out/>
  <testcase classname="selinumAutomationTestTasks.GoogleTasks" name="AssertSecondResultContainsLink" time="7.535"/>
  <system-out/>
  <testcase classname="selinumAutomationTestTasks.GoogleTasks" name="AssertBothCheckboxesChecked" time="6.125"/>
  <system-out/>
  <testcase classname="selinumAutomationTestTasks.GoogleTasks" name="AssertCountryISAustria" time="7.196"/>
  <system-out/>
  <testcase classname="selinumAutomationTestTasks.GoogleTasks" name="AssertCountryISAustria_AnotherTypeOfSelectCell" time="6.963"/>
  <system-out/>
  <testcase classname="selinumAutomationTestTasks.GoogleTasks" name="AssertUploadImageFileSuccessfully" time="6.360"/>
  <system-out/>
  <testcase classname="selinumAutomationTestTasks.GoogleTasks" name="AssertDragAndDropFileSuccessfully" time="80.900"/>
  <system-out/>
  <testcase classname="selinumAutomationTestTasks.GoogleTasks" name="json" time="14.154">
    <failure message="The following asserts failed:
	expected [Selenium - Web Browser Automation] but found [],
	expected [TestNG Tutorial] but found [Selenium],
	expected [Cucumber IO] but found [Introduction]" type="java.lang.AssertionError">
      <![CDATA[java.lang.AssertionError: The following asserts failed:
expected [Selenium - Web Browser Automation] but found [],
expected [TestNG Tutorial] but found [Selenium],
expected [Cucumber IO] but found [Introduction]
at org.testng.asserts.SoftAssert.assertAll(SoftAssert.java:46)
at org.testng.asserts.SoftAssert.assertAll(SoftAssert.java:30)
at selinumAutomationTestTasks.GoogleTasks.json(GoogleTasks.java:185)
at java.base/jdk.internal.reflect.NativeMethodAccessorImpl.invoke0(Native Method)
at java.base/jdk.internal.reflect.NativeMethodAccessorImpl.invoke(NativeMethodAccessorImpl.java:77)
at java.base/jdk.internal.reflect.DelegatingMethodAccessorImpl.invoke(DelegatingMethodAccessorImpl.java:43)
at java.base/java.lang.reflect.Method.invoke(Method.java:568)
at org.testng.internal.invokers.MethodInvocationHelper.invokeMethod(MethodInvocationHelper.java:135)
at org.testng.internal.invokers.TestInvoker.invokeMethod(TestInvoker.java:673)
at org.testng.internal.invokers.TestInvoker.invokeTestMethod(TestInvoker.java:220)
at org.testng.internal.invokers.MethodRunner.runInSequence(MethodRunner.java:50)
at org.testng.internal.invokers.TestInvoker$MethodInvocationAgent.invoke(TestInvoker.java:945)
at org.testng.internal.invokers.TestInvoker.invokeTestMethods(TestInvoker.java:193)
at org.testng.internal.invokers.TestMethodWorker.invokeTestMethods(TestMethodWorker.java:146)
at org.testng.internal.invokers.TestMethodWorker.run(TestMethodWorker.java:128)
at java.base/java.util.ArrayList.forEach(ArrayList.java:1511)
at org.testng.TestRunner.privateRun(TestRunner.java:808)
at org.testng.TestRunner.run(TestRunner.java:603)
at org.testng.SuiteRunner.runTest(SuiteRunner.java:429)
at org.testng.SuiteRunner.runSequentially(SuiteRunner.java:423)
at org.testng.SuiteRunner.privateRun(SuiteRunner.java:383)
at org.testng.SuiteRunner.run(SuiteRunner.java:326)
at org.testng.SuiteRunnerWorker.runSuite(SuiteRunnerWorker.java:52)
at org.testng.SuiteRunnerWorker.run(SuiteRunnerWorker.java:95)
at org.testng.TestNG.runSuitesSequentially(TestNG.java:1249)
at org.testng.TestNG.runSuitesLocally(TestNG.java:1169)
at org.testng.TestNG.runSuites(TestNG.java:1092)
at org.testng.TestNG.run(TestNG.java:1060)
at org.testng.remote.AbstractRemoteTestNG.run(AbstractRemoteTestNG.java:115)
at org.testng.remote.RemoteTestNG.initAndRun(RemoteTestNG.java:251)
at org.testng.remote.RemoteTestNG.main(RemoteTestNG.java:77)
]]>
    </failure>
  </testcase> <!-- json -->
  <system-out/>
</testsuite> <!-- selinumAutomationTestTasks.GoogleTasks -->
